<?xml version="1.0" encoding="UTF-8"?>
<testsuite name="Test nouvelle partie:" tests="2" skipped="0" failures="0" errors="0" timestamp="2024-10-09T15:56:58" hostname="THOMAS" time="0.068">
  <properties/>
  <testcase name="ne peut pas redémarrer" classname="org.iut.mastermind.domain.partie.TestNouvellePartie" time="0.051"/>
  <testcase name="est correctement initialisée" classname="org.iut.mastermind.domain.partie.TestNouvellePartie" time="0.015"/>
  <system-out><![CDATA[]]></system-out>
  <system-err><![CDATA[]]></system-err>
</testsuite>
