<?xml version="1.0" encoding="UTF-8"?>
<testsuite name="Test nouvelle partie:" tests="2" skipped="0" failures="0" errors="0" timestamp="2024-10-14T09:20:49" hostname="THOMAS" time="0.984">
  <properties/>
  <testcase name="ne peut pas redémarrer" classname="org.iut.mastermind.domain.partie.TestNouvellePartie" time="0.967"/>
  <testcase name="est correctement initialisée" classname="org.iut.mastermind.domain.partie.TestNouvellePartie" time="0.016"/>
  <system-out><![CDATA[Mockito is currently self-attaching to enable the inline-mock-maker. This will no longer work in future releases of the JDK. Please add Mockito as an agent to your build what is described in Mockito's documentation: https://javadoc.io/doc/org.mockito/mockito-core/latest/org/mockito/Mockito.html#0.3
Mockito is currently self-attaching to enable the inline-mock-maker. This will no longer work in future releases of the JDK. Please add Mockito as an agent to your build what is described in Mockito's documentation: https://javadoc.io/doc/org.mockito/mockito-core/latest/org/mockito/Mockito.html#0.3
]]></system-out>
  <system-err><![CDATA[WARNING: A Java agent has been loaded dynamically (C:\Users\thoma\.gradle\caches\modules-2\files-2.1\net.bytebuddy\byte-buddy-agent\1.15.3\e619d89ed41a6cedc23bee3549cec8c4ffdaee7b\byte-buddy-agent-1.15.3.jar)
WARNING: If a serviceability tool is in use, please run with -XX:+EnableDynamicAgentLoading to hide this warning
WARNING: If a serviceability tool is not in use, please run with -Djdk.instrument.traceUsage for more information
WARNING: Dynamic loading of agents will be disallowed by default in a future release
]]></system-err>
</testsuite>
