<?xml version="1.0" encoding="UTF-8"?>
<testsuite name="Test joueur pour:" tests="3" skipped="0" failures="0" errors="0" timestamp="2024-10-14T09:20:49" hostname="THOMAS" time="0.058">
  <properties/>
  <testcase name="des joueurs de noms différents" classname="org.iut.mastermind.domain.partie.TestJoueur" time="0.052"/>
  <testcase name="des joueurs de noms identiques" classname="org.iut.mastermind.domain.partie.TestJoueur" time="0.001"/>
  <testcase name="des joueurs avec un hashcode égal" classname="org.iut.mastermind.domain.partie.TestJoueur" time="0.003"/>
  <system-out><![CDATA[]]></system-out>
  <system-err><![CDATA[]]></system-err>
</testsuite>
