<?xml version="1.0" encoding="UTF-8"?>
<testsuite name="Test joueur pour:" tests="3" skipped="0" failures="0" errors="0" timestamp="2024-10-09T15:56:58" hostname="THOMAS" time="0.004">
  <properties/>
  <testcase name="des joueurs de noms différents" classname="org.iut.mastermind.domain.partie.TestJoueur" time="0.001"/>
  <testcase name="des joueurs de noms identiques" classname="org.iut.mastermind.domain.partie.TestJoueur" time="0.0"/>
  <testcase name="des joueurs avec un hashcode égal" classname="org.iut.mastermind.domain.partie.TestJoueur" time="0.001"/>
  <system-out><![CDATA[]]></system-out>
  <system-err><![CDATA[]]></system-err>
</testsuite>
