<?xml version="1.0" encoding="UTF-8"?>
<testsuite name="Test du tirage aléatoire:" tests="1" skipped="0" failures="0" errors="0" timestamp="2024-10-14T09:20:50" hostname="THOMAS" time="0.006">
  <properties/>
  <testcase name="renvoie un mot de manière aléatoire" classname="org.iut.mastermind.domain.tirage.TestServiceTirageMot" time="0.006"/>
  <system-out><![CDATA[]]></system-out>
  <system-err><![CDATA[]]></system-err>
</testsuite>
