<?xml version="1.0" encoding="UTF-8"?>
<testsuite name="Test sur la proposition:" tests="7" skipped="0" failures="0" errors="0" timestamp="2024-10-09T15:56:58" hostname="THOMAS" time="0.029">
  <properties/>
  <testcase name="une lettre est incorrecte" classname="org.iut.mastermind.domain.proposition.TestProposition" time="0.004"/>
  <testcase name="toutes les lettres sont placées" classname="org.iut.mastermind.domain.proposition.TestProposition" time="0.002"/>
  <testcase name="une lettre est incorrecte, non placée, placée" classname="org.iut.mastermind.domain.proposition.TestProposition" time="0.001"/>
  <testcase name="vérifie la taille du résultat" classname="org.iut.mastermind.domain.proposition.TestProposition" time="0.01"/>
  <testcase name="une lettre est placée" classname="org.iut.mastermind.domain.proposition.TestProposition" time="0.002"/>
  <testcase name="une lettre est incorrecte, une non placée" classname="org.iut.mastermind.domain.proposition.TestProposition" time="0.001"/>
  <testcase name="la proposition n'est pas correcte" classname="org.iut.mastermind.domain.proposition.TestProposition" time="0.002"/>
  <system-out><![CDATA[]]></system-out>
  <system-err><![CDATA[]]></system-err>
</testsuite>
